# JRE version: OpenJDK Runtime Environment Zulu11.45+27-CA (11.0.10+9) (build 11.0.10+9-LTS)
# Java VM: OpenJDK 64-Bit Server VM Zulu11.45+27-CA (11.0.10+9-LTS, mixed mode, tiered, compressed oops, g1 gc, bsd-amd64)
Heap:
 garbage-first heap   total 30720K, used 8951K [0x0000000700000000, 0x0000000800000000)
  region size 1024K, 2 young (2048K), 0 survivors (0K)
 Metaspace       used 17329K, capacity 17784K, committed 18176K, reserved 1064960K
  class space    used 1784K, capacity 1944K, committed 2048K, reserved 1048576K
GC Heap History (8 events):
Event: 1.144 GC heap before
{Heap before GC invocations=0 (full 0):
 garbage-first heap   total 131072K, used 18432K [0x0000000700000000, 0x0000000800000000)
  region size 1024K, 14 young (14336K), 0 survivors (0K)
 Metaspace       used 11741K, capacity 12039K, committed 12288K, reserved 1060864K
  class space    used 1114K, capacity 1221K, committed 1280K, reserved 1048576K
}
Event: 1.153 GC heap after
{Heap after GC invocations=1 (full 0):
 garbage-first heap   total 131072K, used 7730K [0x0000000700000000, 0x0000000800000000)
  region size 1024K, 2 young (2048K), 2 survivors (2048K)
 Metaspace       used 11741K, capacity 12039K, committed 12288K, reserved 1060864K
  class space    used 1114K, capacity 1221K, committed 1280K, reserved 1048576K
}
Event: 1.599 GC heap before
{Heap before GC invocations=1 (full 0):
 garbage-first heap   total 131072K, used 11826K [0x0000000700000000, 0x0000000800000000)
  region size 1024K, 6 young (6144K), 2 survivors (2048K)
 Metaspace       used 14170K, capacity 14451K, committed 14848K, reserved 1062912K
  class space    used 1410K, capacity 1513K, committed 1536K, reserved 1048576K
}
Event: 1.606 GC heap after
{Heap after GC invocations=2 (full 0):
 garbage-first heap   total 131072K, used 8427K [0x0000000700000000, 0x0000000800000000)
  region size 1024K, 1 young (1024K), 1 survivors (1024K)
 Metaspace       used 14170K, capacity 14451K, committed 14848K, reserved 1062912K
  class space    used 1410K, capacity 1513K, committed 1536K, reserved 1048576K
}
Event: 30.710 GC heap before
{Heap before GC invocations=2 (full 0):
 garbage-first heap   total 131072K, used 14571K [0x0000000700000000, 0x0000000800000000)
  region size 1024K, 8 young (8192K), 1 survivors (1024K)
 Metaspace       used 17187K, capacity 17591K, committed 17792K, reserved 1064960K
  class space    used 1758K, capacity 1903K, committed 1920K, reserved 1048576K
}
Event: 30.726 GC heap after
{Heap after GC invocations=3 (full 1):
 garbage-first heap   total 30720K, used 7927K [0x0000000700000000, 0x0000000800000000)
  region size 1024K, 0 young (0K), 0 survivors (0K)
 Metaspace       used 17187K, capacity 17591K, committed 17792K, reserved 1064960K
  class space    used 1758K, capacity 1903K, committed 1920K, reserved 1048576K
}
Event: 30.727 GC heap before
{Heap before GC invocations=3 (full 1):
 garbage-first heap   total 30720K, used 7927K [0x0000000700000000, 0x0000000800000000)
  region size 1024K, 0 young (0K), 0 survivors (0K)
 Metaspace       used 17187K, capacity 17591K, committed 17792K, reserved 1064960K
  class space    used 1758K, capacity 1903K, committed 1920K, reserved 1048576K
}
Event: 30.742 GC heap after
{Heap after GC invocations=4 (full 2):
 garbage-first heap   total 30720K, used 7927K [0x0000000700000000, 0x0000000800000000)
  region size 1024K, 0 young (0K), 0 survivors (0K)
 Metaspace       used 17187K, capacity 17591K, committed 17792K, reserved 1064960K
  class space    used 1758K, capacity 1903K, committed 1920K, reserved 1048576K
}

