# JRE version: OpenJDK Runtime Environment Zulu11.45+27-CA (11.0.10+9) (build 11.0.10+9-LTS)
# Java VM: OpenJDK 64-Bit Server VM Zulu11.45+27-CA (11.0.10+9-LTS, mixed mode, tiered, compressed oops, g1 gc, bsd-amd64)
Heap:
 garbage-first heap   total 144384K, used 106241K [0x0000000700000000, 0x0000000800000000)
  region size 1024K, 71 young (72704K), 1 survivors (1024K)
 Metaspace       used 19019K, capacity 19380K, committed 19840K, reserved 1067008K
  class space    used 1854K, capacity 1989K, committed 2176K, reserved 1048576K
GC Heap History (20 events):
Event: 228225.797 GC heap before
{Heap before GC invocations=3001 (full 7):
 garbage-first heap   total 144384K, used 120575K [0x0000000700000000, 0x0000000800000000)
  region size 1024K, 84 young (86016K), 1 survivors (1024K)
 Metaspace       used 19009K, capacity 19380K, committed 19840K, reserved 1067008K
  class space    used 1854K, capacity 1989K, committed 2176K, reserved 1048576K
}
Event: 228225.797 GC heap after
{Heap after GC invocations=3002 (full 7):
 garbage-first heap   total 144384K, used 35585K [0x0000000700000000, 0x0000000800000000)
  region size 1024K, 1 young (1024K), 1 survivors (1024K)
 Metaspace       used 19009K, capacity 19380K, committed 19840K, reserved 1067008K
  class space    used 1854K, capacity 1989K, committed 2176K, reserved 1048576K
}
Event: 228226.039 GC heap before
{Heap before GC invocations=3002 (full 7):
 garbage-first heap   total 144384K, used 120577K [0x0000000700000000, 0x0000000800000000)
  region size 1024K, 84 young (86016K), 1 survivors (1024K)
 Metaspace       used 19009K, capacity 19380K, committed 19840K, reserved 1067008K
  class space    used 1854K, capacity 1989K, committed 2176K, reserved 1048576K
}
Event: 228226.039 GC heap after
{Heap after GC invocations=3003 (full 7):
 garbage-first heap   total 144384K, used 35583K [0x0000000700000000, 0x0000000800000000)
  region size 1024K, 1 young (1024K), 1 survivors (1024K)
 Metaspace       used 19009K, capacity 19380K, committed 19840K, reserved 1067008K
  class space    used 1854K, capacity 1989K, committed 2176K, reserved 1048576K
}
Event: 228226.279 GC heap before
{Heap before GC invocations=3003 (full 7):
 garbage-first heap   total 144384K, used 120575K [0x0000000700000000, 0x0000000800000000)
  region size 1024K, 84 young (86016K), 1 survivors (1024K)
 Metaspace       used 19009K, capacity 19380K, committed 19840K, reserved 1067008K
  class space    used 1854K, capacity 1989K, committed 2176K, reserved 1048576K
}
Event: 228226.279 GC heap after
{Heap after GC invocations=3004 (full 7):
 garbage-first heap   total 144384K, used 35585K [0x0000000700000000, 0x0000000800000000)
  region size 1024K, 1 young (1024K), 1 survivors (1024K)
 Metaspace       used 19009K, capacity 19380K, committed 19840K, reserved 1067008K
  class space    used 1854K, capacity 1989K, committed 2176K, reserved 1048576K
}
Event: 228226.954 GC heap before
{Heap before GC invocations=3004 (full 7):
 garbage-first heap   total 144384K, used 125697K [0x0000000700000000, 0x0000000800000000)
  region size 1024K, 84 young (86016K), 1 survivors (1024K)
 Metaspace       used 19009K, capacity 19380K, committed 19840K, reserved 1067008K
  class space    used 1854K, capacity 1989K, committed 2176K, reserved 1048576K
}
Event: 228226.955 GC heap after
{Heap after GC invocations=3005 (full 7):
 garbage-first heap   total 144384K, used 35659K [0x0000000700000000, 0x0000000800000000)
  region size 1024K, 1 young (1024K), 1 survivors (1024K)
 Metaspace       used 19009K, capacity 19380K, committed 19840K, reserved 1067008K
  class space    used 1854K, capacity 1989K, committed 2176K, reserved 1048576K
}
Event: 228227.182 GC heap before
{Heap before GC invocations=3005 (full 7):
 garbage-first heap   total 144384K, used 120651K [0x0000000700000000, 0x0000000800000000)
  region size 1024K, 84 young (86016K), 1 survivors (1024K)
 Metaspace       used 19009K, capacity 19380K, committed 19840K, reserved 1067008K
  class space    used 1854K, capacity 1989K, committed 2176K, reserved 1048576K
}
Event: 228227.182 GC heap after
{Heap after GC invocations=3006 (full 7):
 garbage-first heap   total 144384K, used 35585K [0x0000000700000000, 0x0000000800000000)
  region size 1024K, 1 young (1024K), 1 survivors (1024K)
 Metaspace       used 19009K, capacity 19380K, committed 19840K, reserved 1067008K
  class space    used 1854K, capacity 1989K, committed 2176K, reserved 1048576K
}
Event: 228227.439 GC heap before
{Heap before GC invocations=3006 (full 7):
 garbage-first heap   total 144384K, used 120577K [0x0000000700000000, 0x0000000800000000)
  region size 1024K, 84 young (86016K), 1 survivors (1024K)
 Metaspace       used 19009K, capacity 19380K, committed 19840K, reserved 1067008K
  class space    used 1854K, capacity 1989K, committed 2176K, reserved 1048576K
}
Event: 228227.440 GC heap after
{Heap after GC invocations=3007 (full 7):
 garbage-first heap   total 144384K, used 35585K [0x0000000700000000, 0x0000000800000000)
  region size 1024K, 1 young (1024K), 1 survivors (1024K)
 Metaspace       used 19009K, capacity 19380K, committed 19840K, reserved 1067008K
  class space    used 1854K, capacity 1989K, committed 2176K, reserved 1048576K
}
Event: 228227.678 GC heap before
{Heap before GC invocations=3007 (full 7):
 garbage-first heap   total 144384K, used 120577K [0x0000000700000000, 0x0000000800000000)
  region size 1024K, 84 young (86016K), 1 survivors (1024K)
 Metaspace       used 19009K, capacity 19380K, committed 19840K, reserved 1067008K
  class space    used 1854K, capacity 1989K, committed 2176K, reserved 1048576K
}
Event: 228227.679 GC heap after
{Heap after GC invocations=3008 (full 7):
 garbage-first heap   total 144384K, used 35586K [0x0000000700000000, 0x0000000800000000)
  region size 1024K, 1 young (1024K), 1 survivors (1024K)
 Metaspace       used 19009K, capacity 19380K, committed 19840K, reserved 1067008K
  class space    used 1854K, capacity 1989K, committed 2176K, reserved 1048576K
}
Event: 228227.922 GC heap before
{Heap before GC invocations=3008 (full 7):
 garbage-first heap   total 144384K, used 120578K [0x0000000700000000, 0x0000000800000000)
  region size 1024K, 84 young (86016K), 1 survivors (1024K)
 Metaspace       used 19009K, capacity 19380K, committed 19840K, reserved 1067008K
  class space    used 1854K, capacity 1989K, committed 2176K, reserved 1048576K
}
Event: 228227.923 GC heap after
{Heap after GC invocations=3009 (full 7):
 garbage-first heap   total 144384K, used 35585K [0x0000000700000000, 0x0000000800000000)
  region size 1024K, 1 young (1024K), 1 survivors (1024K)
 Metaspace       used 19009K, capacity 19380K, committed 19840K, reserved 1067008K
  class space    used 1854K, capacity 1989K, committed 2176K, reserved 1048576K
}
Event: 228228.160 GC heap before
{Heap before GC invocations=3009 (full 7):
 garbage-first heap   total 144384K, used 120577K [0x0000000700000000, 0x0000000800000000)
  region size 1024K, 84 young (86016K), 1 survivors (1024K)
 Metaspace       used 19009K, capacity 19380K, committed 19840K, reserved 1067008K
  class space    used 1854K, capacity 1989K, committed 2176K, reserved 1048576K
}
Event: 228228.161 GC heap after
{Heap after GC invocations=3010 (full 7):
 garbage-first heap   total 144384K, used 35585K [0x0000000700000000, 0x0000000800000000)
  region size 1024K, 1 young (1024K), 1 survivors (1024K)
 Metaspace       used 19009K, capacity 19380K, committed 19840K, reserved 1067008K
  class space    used 1854K, capacity 1989K, committed 2176K, reserved 1048576K
}
Event: 228228.397 GC heap before
{Heap before GC invocations=3010 (full 7):
 garbage-first heap   total 144384K, used 120577K [0x0000000700000000, 0x0000000800000000)
  region size 1024K, 84 young (86016K), 1 survivors (1024K)
 Metaspace       used 19009K, capacity 19380K, committed 19840K, reserved 1067008K
  class space    used 1854K, capacity 1989K, committed 2176K, reserved 1048576K
}
Event: 228228.398 GC heap after
{Heap after GC invocations=3011 (full 7):
 garbage-first heap   total 144384K, used 35585K [0x0000000700000000, 0x0000000800000000)
  region size 1024K, 1 young (1024K), 1 survivors (1024K)
 Metaspace       used 19009K, capacity 19380K, committed 19840K, reserved 1067008K
  class space    used 1854K, capacity 1989K, committed 2176K, reserved 1048576K
}

